
While loading ./spec/models/book_spec.rb an `exit` / `raise SystemExit` occurred, RSpec will now quit.
[31mFailure/Error: exit 1[0m
[31m[0m
[31mSystemExit:[0m
[31m  exit[0m
[36m# ./spec/rails_helper.rb:31:in `exit'[0m
[36m# ./spec/rails_helper.rb:31:in `rescue in <top (required)>'[0m
[36m# ./spec/rails_helper.rb:27:in `<top (required)>'[0m
[36m# ./spec/models/book_spec.rb:3:in `require'[0m
[36m# ./spec/models/book_spec.rb:3:in `<top (required)>'[0m
[36m# ------------------[0m
[36m# --- Caused by: ---[0m
[36m# ActiveRecord::PendingMigrationError:[0m
[36m#   [0m
[36m#   [0m
[36m#   Migrations are pending. To resolve this issue, run:[0m
[36m#   [0m
[36m#           bin/rails db:migrate RAILS_ENV=test[0m
[36m#   [0m
[36m#   You have 1 pending migration:[0m
[36m#   [0m
[36m#   20210727061455_create_books.rb[0m
[36m#   /home/ec2-user/.rvm/gems/ruby-3.1.2/gems/activerecord-6.1.6.1/lib/active_record/migration.rb:625:in `check_pending!'[0m
